[1710014327.732][INFO]: Starting ChromeDriver 122.0.6261.111 (9d4c1072da62b411b351a38b9ed6214ab236aa7b-refs/branch-heads/6261@{#1015}) on port 25271
[1710014327.732][INFO]: Please see https://chromedriver.chromium.org/security-considerations for suggestions on keeping ChromeDriver safe.
[1710014327.998][INFO]: [0beda8d6399887d4cc2e6528c33eee53] COMMAND InitSession {
   "capabilities": {
      "firstMatch": [ {
         "browserName": "chrome",
         "goog:chromeOptions": {
            "args": [  ],
            "extensions": [  ]
         },
         "goog:loggingPrefs": {
            "browser": "ALL",
            "driver": "ALL"
         }
      } ]
   }
}
[1710014327.998][INFO]: Browser search. Trying... C:\Users\Saisandhiya\.cache\selenium\chromedriver\win64\122.0.6261.111\chrome.exe
[1710014327.998][INFO]: Browser search. Trying... C:\Users\Saisandhiya\.cache\selenium\chromedriver\win64\122.0.6261.111\chrome.exe
[1710014327.998][INFO]: Browser search. Trying... C:\Users\Saisandhiya\.cache\selenium\chromedriver\win64\122.0.6261.111\chromium.exe
[1710014328.002][INFO]: Browser search. Trying... C:\Users\Saisandhiya\AppData\Local\Google\Chrome\Application\chrome.exe
[1710014328.002][INFO]: Browser search. Trying... C:\Program Files\Google\Chrome\Application\chrome.exe
[1710014328.002][INFO]: Browser search. Found at  C:\Program Files\Google\Chrome\Application\chrome.exe
[1710014328.003][INFO]: Populating Preferences file: {
   "alternate_error_pages": {
      "enabled": false
   },
   "autofill": {
      "enabled": false
   },
   "browser": {
      "check_default_browser": false
   },
   "distribution": {
      "import_bookmarks": false,
      "import_history": false,
      "import_search_engine": false,
      "make_chrome_default_for_user": false,
      "skip_first_run_ui": true
   },
   "dns_prefetching": {
      "enabled": false
   },
   "profile": {
      "content_settings": {
         "pattern_pairs": {
            "https://*,*": {
               "media-stream": {
                  "audio": "Default",
                  "video": "Default"
               }
            }
         }
      },
      "default_content_setting_values": {
         "geolocation": 1
      },
      "default_content_settings": {
         "geolocation": 1,
         "mouselock": 1,
         "notifications": 1,
         "popups": 1,
         "ppapi-broker": 1
      },
      "password_manager_enabled": false
   },
   "safebrowsing": {
      "enabled": false
   },
   "search": {
      "suggest_enabled": false
   },
   "translate": {
      "enabled": false
   }
}
[1710014328.003][INFO]: Populating Local State file: {
   "background_mode": {
      "enabled": false
   },
   "ssl": {
      "rev_checking": {
         "enabled": false
      }
   }
}
[1710014328.004][INFO]: ChromeDriver supports communication with Chrome via pipes. This is more reliable and more secure.
[1710014328.004][INFO]: Use the --remote-debugging-pipe Chrome switch instead of the default --remote-debugging-port to enable this communication mode.
[1710014328.005][INFO]: Launching chrome: "C:\Program Files\Google\Chrome\Application\chrome.exe" --allow-pre-commit-input --disable-background-networking --disable-backgrounding-occluded-windows --disable-client-side-phishing-detection --disable-default-apps --disable-hang-monitor --disable-popup-blocking --disable-prompt-on-repost --disable-sync --enable-automation --enable-logging --log-level=0 --no-first-run --no-service-autorun --password-store=basic --remote-debugging-port=0 --test-type=webdriver --use-mock-keychain --user-data-dir="C:\Users\SAISAN~1\AppData\Local\Temp\scoped_dir1832_536547362" data:,
[1710014328.681][INFO]: resolved localhost to ["::1","127.0.0.1"]
[1710014328.692][INFO]: [0beda8d6399887d4cc2e6528c33eee53] RESPONSE InitSession {
   "capabilities": {
      "acceptInsecureCerts": false,
      "browserName": "chrome",
      "browserVersion": "122.0.6261.112",
      "chrome": {
         "chromedriverVersion": "122.0.6261.111 (9d4c1072da62b411b351a38b9ed6214ab236aa7b-refs/branch-heads/6261@{#1015})",
         "userDataDir": "C:\\Users\\SAISAN~1\\AppData\\Local\\Temp\\scoped_dir1832_536547362"
      },
      "fedcm:accounts": true,
      "goog:chromeOptions": {
         "debuggerAddress": "localhost:56737"
      },
      "networkConnectionEnabled": false,
      "pageLoadStrategy": "normal",
      "platformName": "windows",
      "proxy": {
      },
      "setWindowRect": true,
      "strictFileInteractability": false,
      "timeouts": {
         "implicit": 0,
         "pageLoad": 300000,
         "script": 30000
      },
      "unhandledPromptBehavior": "dismiss and notify",
      "webauthn:extension:credBlob": true,
      "webauthn:extension:largeBlob": true,
      "webauthn:extension:minPinLength": true,
      "webauthn:extension:prf": true,
      "webauthn:virtualAuthenticators": true
   },
   "sessionId": "0beda8d6399887d4cc2e6528c33eee53"
}
[1710014328.895][INFO]: [0beda8d6399887d4cc2e6528c33eee53] COMMAND MaximizeWindow {
}
[1710014328.895][INFO]: Waiting for pending navigations...
[1710014328.898][INFO]: Done waiting for pending navigations. Status: ok
[1710014329.012][INFO]: Waiting for pending navigations...
[1710014329.012][INFO]: Done waiting for pending navigations. Status: ok
[1710014329.013][INFO]: [0beda8d6399887d4cc2e6528c33eee53] RESPONSE MaximizeWindow {
   "height": 832,
   "width": 1552,
   "x": -8,
   "y": -8
}
[1710014329.020][INFO]: [0beda8d6399887d4cc2e6528c33eee53] COMMAND SetTimeouts {
   "implicit": 30000
}
[1710014329.020][INFO]: [0beda8d6399887d4cc2e6528c33eee53] RESPONSE SetTimeouts
[1710014329.025][INFO]: [0beda8d6399887d4cc2e6528c33eee53] COMMAND Navigate {
   "url": "https://leetcode.com/"
}
[1710014329.025][INFO]: Waiting for pending navigations...
[1710014329.026][INFO]: Done waiting for pending navigations. Status: ok
[1710014329.113][INFO]: Waiting for pending navigations...
[1710014329.814][INFO]: Done waiting for pending navigations. Status: ok
[1710014329.814][INFO]: [0beda8d6399887d4cc2e6528c33eee53] RESPONSE Navigate
[1710014329.819][INFO]: [0beda8d6399887d4cc2e6528c33eee53] COMMAND GetUrl {
}
[1710014329.819][INFO]: Waiting for pending navigations...
[1710014329.820][INFO]: Done waiting for pending navigations. Status: ok
[1710014329.825][INFO]: Waiting for pending navigations...
[1710014329.826][INFO]: Done waiting for pending navigations. Status: ok
[1710014329.826][INFO]: [0beda8d6399887d4cc2e6528c33eee53] RESPONSE GetUrl "https://leetcode.com/"
[1710014329.831][INFO]: [0beda8d6399887d4cc2e6528c33eee53] COMMAND Navigate {
   "url": "https://leetcode.com/"
}
[1710014329.831][INFO]: Waiting for pending navigations...
[1710014329.832][INFO]: Done waiting for pending navigations. Status: ok
[1710014330.105][INFO]: Waiting for pending navigations...
[1710014333.378][INFO]: Done waiting for pending navigations. Status: ok
[1710014333.378][INFO]: [0beda8d6399887d4cc2e6528c33eee53] RESPONSE Navigate
[1710014333.384][INFO]: [0beda8d6399887d4cc2e6528c33eee53] COMMAND FindElement {
   "using": "xpath",
   "value": "//*[@id='product']/div/div/div[1]/div/a/p"
}
[1710014333.384][INFO]: Waiting for pending navigations...
[1710014333.386][INFO]: Done waiting for pending navigations. Status: ok
[1710014333.401][INFO]: Waiting for pending navigations...
[1710014333.403][INFO]: Done waiting for pending navigations. Status: ok
[1710014333.403][INFO]: [0beda8d6399887d4cc2e6528c33eee53] RESPONSE FindElement {
   "element-6066-11e4-a52e-4f735466cecf": "f.C9B49B7DC4C16627C1B2DD02A2874F6D.d.BEBE78863EAC5EFAE38776EE9D990C68.e.18"
}
[1710014333.410][INFO]: [0beda8d6399887d4cc2e6528c33eee53] COMMAND ClickElement {
   "id": "f.C9B49B7DC4C16627C1B2DD02A2874F6D.d.BEBE78863EAC5EFAE38776EE9D990C68.e.18"
}
[1710014333.410][INFO]: Waiting for pending navigations...
[1710014333.411][INFO]: Done waiting for pending navigations. Status: ok
[1710014333.605][INFO]: Waiting for pending navigations...
[1710014336.243][INFO]: Done waiting for pending navigations. Status: ok
[1710014336.243][INFO]: [0beda8d6399887d4cc2e6528c33eee53] RESPONSE ClickElement
[1710014336.246][INFO]: [0beda8d6399887d4cc2e6528c33eee53] COMMAND GetUrl {
}
[1710014336.246][INFO]: Waiting for pending navigations...
[1710014336.341][INFO]: Done waiting for pending navigations. Status: ok
[1710014336.583][INFO]: Waiting for pending navigations...
[1710014336.599][INFO]: Done waiting for pending navigations. Status: ok
[1710014336.599][INFO]: [0beda8d6399887d4cc2e6528c33eee53] RESPONSE GetUrl "https://leetcode.com/problemset/"
[1710014336.606][INFO]: [0beda8d6399887d4cc2e6528c33eee53] COMMAND FindElement {
   "using": "xpath",
   "value": "//div[@role='cell']/div/div/div/div/a[text()='Two Sum']"
}
[1710014336.606][INFO]: Waiting for pending navigations...
[1710014336.628][INFO]: Done waiting for pending navigations. Status: ok
[1710014338.987][INFO]: Waiting for pending navigations...
[1710014338.992][INFO]: Done waiting for pending navigations. Status: ok
[1710014338.992][INFO]: [0beda8d6399887d4cc2e6528c33eee53] RESPONSE FindElement {
   "element-6066-11e4-a52e-4f735466cecf": "f.C9B49B7DC4C16627C1B2DD02A2874F6D.d.7BE827C7C5C06D5DD9584BA3DB99DBDF.e.45"
}
[1710014338.996][INFO]: [0beda8d6399887d4cc2e6528c33eee53] COMMAND GetElementText {
   "id": "f.C9B49B7DC4C16627C1B2DD02A2874F6D.d.7BE827C7C5C06D5DD9584BA3DB99DBDF.e.45"
}
[1710014338.996][INFO]: Waiting for pending navigations...
[1710014338.997][INFO]: Done waiting for pending navigations. Status: ok
[1710014339.013][INFO]: Waiting for pending navigations...
[1710014339.014][INFO]: Done waiting for pending navigations. Status: ok
[1710014339.014][INFO]: [0beda8d6399887d4cc2e6528c33eee53] RESPONSE GetElementText "1. Two Sum"
[1710014339.018][INFO]: [0beda8d6399887d4cc2e6528c33eee53] COMMAND FindElement {
   "using": "xpath",
   "value": "//div[@role='cell']/div/div/div/div/a[text()='Add Two Numbers']"
}
[1710014339.018][INFO]: Waiting for pending navigations...
[1710014339.019][INFO]: Done waiting for pending navigations. Status: ok
[1710014339.033][INFO]: Waiting for pending navigations...
[1710014339.034][INFO]: Done waiting for pending navigations. Status: ok
[1710014339.034][INFO]: [0beda8d6399887d4cc2e6528c33eee53] RESPONSE FindElement {
   "element-6066-11e4-a52e-4f735466cecf": "f.C9B49B7DC4C16627C1B2DD02A2874F6D.d.7BE827C7C5C06D5DD9584BA3DB99DBDF.e.46"
}
[1710014339.037][INFO]: [0beda8d6399887d4cc2e6528c33eee53] COMMAND GetElementText {
   "id": "f.C9B49B7DC4C16627C1B2DD02A2874F6D.d.7BE827C7C5C06D5DD9584BA3DB99DBDF.e.46"
}
[1710014339.038][INFO]: Waiting for pending navigations...
[1710014339.039][INFO]: Done waiting for pending navigations. Status: ok
[1710014339.048][INFO]: Waiting for pending navigations...
[1710014339.048][INFO]: Done waiting for pending navigations. Status: ok
[1710014339.048][INFO]: [0beda8d6399887d4cc2e6528c33eee53] RESPONSE GetElementText "2. Add Two Numbers"
[1710014339.053][INFO]: [0beda8d6399887d4cc2e6528c33eee53] COMMAND FindElement {
   "using": "xpath",
   "value": "//div[@role='cell']/div/div/div/div/a[text()='Longest Substring Without Repeating Characters']"
}
[1710014339.053][INFO]: Waiting for pending navigations...
[1710014339.054][INFO]: Done waiting for pending navigations. Status: ok
[1710014339.068][INFO]: Waiting for pending navigations...
[1710014339.069][INFO]: Done waiting for pending navigations. Status: ok
[1710014339.069][INFO]: [0beda8d6399887d4cc2e6528c33eee53] RESPONSE FindElement {
   "element-6066-11e4-a52e-4f735466cecf": "f.C9B49B7DC4C16627C1B2DD02A2874F6D.d.7BE827C7C5C06D5DD9584BA3DB99DBDF.e.47"
}
[1710014339.073][INFO]: [0beda8d6399887d4cc2e6528c33eee53] COMMAND GetElementText {
   "id": "f.C9B49B7DC4C16627C1B2DD02A2874F6D.d.7BE827C7C5C06D5DD9584BA3DB99DBDF.e.47"
}
[1710014339.073][INFO]: Waiting for pending navigations...
[1710014339.074][INFO]: Done waiting for pending navigations. Status: ok
[1710014339.083][INFO]: Waiting for pending navigations...
[1710014339.084][INFO]: Done waiting for pending navigations. Status: ok
[1710014339.084][INFO]: [0beda8d6399887d4cc2e6528c33eee53] RESPONSE GetElementText "3. Longest Substring Without Repeating Characters"
[1710014339.089][INFO]: [0beda8d6399887d4cc2e6528c33eee53] COMMAND FindElement {
   "using": "xpath",
   "value": "//div[@role='cell']/div/div/div/div/a[text()='Median of Two Sorted Arrays']"
}
[1710014339.089][INFO]: Waiting for pending navigations...
[1710014339.091][INFO]: Done waiting for pending navigations. Status: ok
[1710014339.107][INFO]: Waiting for pending navigations...
[1710014339.108][INFO]: Done waiting for pending navigations. Status: ok
[1710014339.108][INFO]: [0beda8d6399887d4cc2e6528c33eee53] RESPONSE FindElement {
   "element-6066-11e4-a52e-4f735466cecf": "f.C9B49B7DC4C16627C1B2DD02A2874F6D.d.7BE827C7C5C06D5DD9584BA3DB99DBDF.e.48"
}
[1710014339.116][INFO]: [0beda8d6399887d4cc2e6528c33eee53] COMMAND GetElementText {
   "id": "f.C9B49B7DC4C16627C1B2DD02A2874F6D.d.7BE827C7C5C06D5DD9584BA3DB99DBDF.e.48"
}
[1710014339.116][INFO]: Waiting for pending navigations...
[1710014339.149][INFO]: Done waiting for pending navigations. Status: ok
[1710014339.158][INFO]: Waiting for pending navigations...
[1710014339.159][INFO]: Done waiting for pending navigations. Status: ok
[1710014339.159][INFO]: [0beda8d6399887d4cc2e6528c33eee53] RESPONSE GetElementText "4. Median of Two Sorted Arrays"
[1710014339.164][INFO]: [0beda8d6399887d4cc2e6528c33eee53] COMMAND FindElement {
   "using": "xpath",
   "value": "//div[@role='cell']/div/div/div/div/a[text()='Longest Palindromic Substring']"
}
[1710014339.164][INFO]: Waiting for pending navigations...
[1710014339.166][INFO]: Done waiting for pending navigations. Status: ok
[1710014339.185][INFO]: Waiting for pending navigations...
[1710014339.187][INFO]: Done waiting for pending navigations. Status: ok
[1710014339.187][INFO]: [0beda8d6399887d4cc2e6528c33eee53] RESPONSE FindElement {
   "element-6066-11e4-a52e-4f735466cecf": "f.C9B49B7DC4C16627C1B2DD02A2874F6D.d.7BE827C7C5C06D5DD9584BA3DB99DBDF.e.49"
}
[1710014339.190][INFO]: [0beda8d6399887d4cc2e6528c33eee53] COMMAND GetElementText {
   "id": "f.C9B49B7DC4C16627C1B2DD02A2874F6D.d.7BE827C7C5C06D5DD9584BA3DB99DBDF.e.49"
}
[1710014339.190][INFO]: Waiting for pending navigations...
[1710014339.191][INFO]: Done waiting for pending navigations. Status: ok
[1710014339.201][INFO]: Waiting for pending navigations...
[1710014339.202][INFO]: Done waiting for pending navigations. Status: ok
[1710014339.202][INFO]: [0beda8d6399887d4cc2e6528c33eee53] RESPONSE GetElementText "5. Longest Palindromic Substring"
[1710014339.207][INFO]: [0beda8d6399887d4cc2e6528c33eee53] COMMAND CloseWindow {
}
[1710014339.327][INFO]: [0beda8d6399887d4cc2e6528c33eee53] RESPONSE CloseWindow [  ]
